# JRE version: OpenJDK Runtime Environment (8.0_242-b01) (build 1.8.0_242-release-1644-b01)
# Java VM: OpenJDK 64-Bit Server VM (25.242-b01 mixed mode windows-amd64 compressed oops)
Heap:
 PSYoungGen      total 177664K, used 73853K [0x00000000d5580000, 0x00000000e3f80000, 0x0000000100000000)
  eden space 156672K, 47% used [0x00000000d5580000,0x00000000d9d9f680,0x00000000dee80000)
  from space 20992K, 0% used [0x00000000dee80000,0x00000000dee80000,0x00000000e0300000)
  to   space 23552K, 0% used [0x00000000e2880000,0x00000000e2880000,0x00000000e3f80000)
 ParOldGen       total 155136K, used 33682K [0x0000000080000000, 0x0000000089780000, 0x00000000d5580000)
  object space 155136K, 21% used [0x0000000080000000,0x00000000820e4a60,0x0000000089780000)
 Metaspace       used 59982K, capacity 62306K, committed 62632K, reserved 1103872K
  class space    used 8261K, capacity 8783K, committed 8880K, reserved 1048576K
GC Heap History (10 events):
Event: 5.113 GC heap before
{Heap before GC invocations=10 (full 2):
 PSYoungGen      total 146944K, used 7689K [0x00000000d5580000, 0x00000000e3200000, 0x0000000100000000)
  eden space 133120K, 0% used [0x00000000d5580000,0x00000000d5580000,0x00000000dd780000)
  from space 13824K, 55% used [0x00000000de480000,0x00000000dec02780,0x00000000df200000)
  to   space 13312K, 0% used [0x00000000dd780000,0x00000000dd780000,0x00000000de480000)
 ParOldGen       total 70144K, used 11502K [0x0000000080000000, 0x0000000084480000, 0x00000000d5580000)
  object space 70144K, 16% used [0x0000000080000000,0x0000000080b3bb20,0x0000000084480000)
 Metaspace       used 34600K, capacity 35414K, committed 35496K, reserved 1079296K
  class space    used 4748K, capacity 4972K, committed 5040K, reserved 1048576K
Event: 5.239 GC heap after
Heap after GC invocations=10 (full 2):
 PSYoungGen      total 146944K, used 0K [0x00000000d5580000, 0x00000000e3200000, 0x0000000100000000)
  eden space 133120K, 0% used [0x00000000d5580000,0x00000000d5580000,0x00000000dd780000)
  from space 13824K, 0% used [0x00000000de480000,0x00000000de480000,0x00000000df200000)
  to   space 13312K, 0% used [0x00000000dd780000,0x00000000dd780000,0x00000000de480000)
 ParOldGen       total 103936K, used 14460K [0x0000000080000000, 0x0000000086580000, 0x00000000d5580000)
  object space 103936K, 13% used [0x0000000080000000,0x0000000080e1f0e0,0x0000000086580000)
 Metaspace       used 34600K, capacity 35414K, committed 35496K, reserved 1079296K
  class space    used 4748K, capacity 4972K, committed 5040K, reserved 1048576K
}
Event: 11.311 GC heap before
{Heap before GC invocations=11 (full 2):
 PSYoungGen      total 146944K, used 133120K [0x00000000d5580000, 0x00000000e3200000, 0x0000000100000000)
  eden space 133120K, 100% used [0x00000000d5580000,0x00000000dd780000,0x00000000dd780000)
  from space 13824K, 0% used [0x00000000de480000,0x00000000de480000,0x00000000df200000)
  to   space 13312K, 0% used [0x00000000dd780000,0x00000000dd780000,0x00000000de480000)
 ParOldGen       total 103936K, used 14460K [0x0000000080000000, 0x0000000086580000, 0x00000000d5580000)
  object space 103936K, 13% used [0x0000000080000000,0x0000000080e1f0e0,0x0000000086580000)
 Metaspace       used 45221K, capacity 46744K, committed 47016K, reserved 1089536K
  class space    used 6133K, capacity 6558K, committed 6576K, reserved 1048576K
Event: 11.334 GC heap after
Heap after GC invocations=11 (full 2):
 PSYoungGen      total 146432K, used 13305K [0x00000000d5580000, 0x00000000e1300000, 0x0000000100000000)
  eden space 133120K, 0% used [0x00000000d5580000,0x00000000d5580000,0x00000000dd780000)
  from space 13312K, 99% used [0x00000000dd780000,0x00000000de47e488,0x00000000de480000)
  to   space 16384K, 0% used [0x00000000e0300000,0x00000000e0300000,0x00000000e1300000)
 ParOldGen       total 103936K, used 17688K [0x0000000080000000, 0x0000000086580000, 0x00000000d5580000)
  object space 103936K, 17% used [0x0000000080000000,0x0000000081146188,0x0000000086580000)
 Metaspace       used 45221K, capacity 46744K, committed 47016K, reserved 1089536K
  class space    used 6133K, capacity 6558K, committed 6576K, reserved 1048576K
}
Event: 14.449 GC heap before
{Heap before GC invocations=12 (full 2):
 PSYoungGen      total 146432K, used 146425K [0x00000000d5580000, 0x00000000e1300000, 0x0000000100000000)
  eden space 133120K, 100% used [0x00000000d5580000,0x00000000dd780000,0x00000000dd780000)
  from space 13312K, 99% used [0x00000000dd780000,0x00000000de47e488,0x00000000de480000)
  to   space 16384K, 0% used [0x00000000e0300000,0x00000000e0300000,0x00000000e1300000)
 ParOldGen       total 103936K, used 17688K [0x0000000080000000, 0x0000000086580000, 0x00000000d5580000)
  object space 103936K, 17% used [0x0000000080000000,0x0000000081146188,0x0000000086580000)
 Metaspace       used 54200K, capacity 56222K, committed 56360K, reserved 1097728K
  class space    used 7385K, capacity 7897K, committed 7984K, reserved 1048576K
Event: 14.473 GC heap after
Heap after GC invocations=12 (full 2):
 PSYoungGen      total 173056K, used 16380K [0x00000000d5580000, 0x00000000e1980000, 0x0000000100000000)
  eden space 156672K, 0% used [0x00000000d5580000,0x00000000d5580000,0x00000000dee80000)
  from space 16384K, 99% used [0x00000000e0300000,0x00000000e12ff320,0x00000000e1300000)
  to   space 20992K, 0% used [0x00000000dee80000,0x00000000dee80000,0x00000000e0300000)
 ParOldGen       total 103936K, used 25165K [0x0000000080000000, 0x0000000086580000, 0x00000000d5580000)
  object space 103936K, 24% used [0x0000000080000000,0x00000000818934d0,0x0000000086580000)
 Metaspace       used 54200K, capacity 56222K, committed 56360K, reserved 1097728K
  class space    used 7385K, capacity 7897K, committed 7984K, reserved 1048576K
}
Event: 15.153 GC heap before
{Heap before GC invocations=13 (full 2):
 PSYoungGen      total 173056K, used 55550K [0x00000000d5580000, 0x00000000e1980000, 0x0000000100000000)
  eden space 156672K, 25% used [0x00000000d5580000,0x00000000d7bc04e8,0x00000000dee80000)
  from space 16384K, 99% used [0x00000000e0300000,0x00000000e12ff320,0x00000000e1300000)
  to   space 20992K, 0% used [0x00000000dee80000,0x00000000dee80000,0x00000000e0300000)
 ParOldGen       total 103936K, used 25165K [0x0000000080000000, 0x0000000086580000, 0x00000000d5580000)
  object space 103936K, 24% used [0x0000000080000000,0x00000000818934d0,0x0000000086580000)
 Metaspace       used 57011K, capacity 59096K, committed 59160K, reserved 1099776K
  class space    used 7841K, capacity 8340K, committed 8368K, reserved 1048576K
Event: 15.179 GC heap after
Heap after GC invocations=13 (full 2):
 PSYoungGen      total 177664K, used 19917K [0x00000000d5580000, 0x00000000e3f80000, 0x0000000100000000)
  eden space 156672K, 0% used [0x00000000d5580000,0x00000000d5580000,0x00000000dee80000)
  from space 20992K, 94% used [0x00000000dee80000,0x00000000e01f35e0,0x00000000e0300000)
  to   space 23552K, 0% used [0x00000000e2880000,0x00000000e2880000,0x00000000e3f80000)
 ParOldGen       total 103936K, used 25173K [0x0000000080000000, 0x0000000086580000, 0x00000000d5580000)
  object space 103936K, 24% used [0x0000000080000000,0x00000000818954d0,0x0000000086580000)
 Metaspace       used 57011K, capacity 59096K, committed 59160K, reserved 1099776K
  class space    used 7841K, capacity 8340K, committed 8368K, reserved 1048576K
}
Event: 15.179 GC heap before
{Heap before GC invocations=14 (full 3):
 PSYoungGen      total 177664K, used 19917K [0x00000000d5580000, 0x00000000e3f80000, 0x0000000100000000)
  eden space 156672K, 0% used [0x00000000d5580000,0x00000000d5580000,0x00000000dee80000)
  from space 20992K, 94% used [0x00000000dee80000,0x00000000e01f35e0,0x00000000e0300000)
  to   space 23552K, 0% used [0x00000000e2880000,0x00000000e2880000,0x00000000e3f80000)
 ParOldGen       total 103936K, used 25173K [0x0000000080000000, 0x0000000086580000, 0x00000000d5580000)
  object space 103936K, 24% used [0x0000000080000000,0x00000000818954d0,0x0000000086580000)
 Metaspace       used 57011K, capacity 59096K, committed 59160K, reserved 1099776K
  class space    used 7841K, capacity 8340K, committed 8368K, reserved 1048576K
Event: 15.431 GC heap after
Heap after GC invocations=14 (full 3):
 PSYoungGen      total 177664K, used 0K [0x00000000d5580000, 0x00000000e3f80000, 0x0000000100000000)
  eden space 156672K, 0% used [0x00000000d5580000,0x00000000d5580000,0x00000000dee80000)
  from space 20992K, 0% used [0x00000000dee80000,0x00000000dee80000,0x00000000e0300000)
  to   space 23552K, 0% used [0x00000000e2880000,0x00000000e2880000,0x00000000e3f80000)
 ParOldGen       total 155136K, used 33682K [0x0000000080000000, 0x0000000089780000, 0x00000000d5580000)
  object space 155136K, 21% used [0x0000000080000000,0x00000000820e4a60,0x0000000089780000)
 Metaspace       used 57002K, capacity 59066K, committed 59160K, reserved 1099776K
  class space    used 7838K, capacity 8335K, committed 8368K, reserved 1048576K
}

